<?xml version="1.0" encoding="UTF-8"?>
<!-- Generated by org.testng.reporters.JUnitReportReporter -->
<testsuite skipped="0" hostname="Dell-PC" name="TestNGtest.TestNGbasicstest2" tests="1" failures="0" timestamp="03 Jul 2018 08:49:36 GMT" time="18.337" errors="0">
  <testcase name="verifyPageTitleTest" time="18.337" classname="TestNGtest.TestNGbasicstest2"/>
</testsuite> <!-- TestNGtest.TestNGbasicstest2 -->
